==364874== Memcheck, a memory error detector
==364874== Copyright (C) 2002-2024, and GNU GPL'd, by Julian Seward et al.
==364874== Using Valgrind-3.24.0-fcdaa47426-20241101 and LibVEX; rerun with -h for copyright info
==364874== Command: ./../../build/ODE_Module/bin/ODE_Module_main
==364874== Parent PID: 364797
==364874== 
--364874-- 
--364874-- Valgrind options:
--364874--    --leak-check=full
--364874--    --show-leak-kinds=all
--364874--    --track-origins=yes
--364874--    --verbose
--364874--    --log-file=valgrind.log
--364874-- Contents of /proc/version:
--364874--   Linux version 6.12.4-zen1-1-zen (linux-zen@archlinux) (gcc (GCC) 14.2.1 20240910, GNU ld (GNU Binutils) 2.43.0) #1 ZEN SMP PREEMPT_DYNAMIC Mon, 09 Dec 2024 14:30:31 +0000
--364874-- 
--364874-- Arch and hwcaps: AMD64, LittleEndian, amd64-cx16-lzcnt-rdtscp-sse3-ssse3-avx-avx2-bmi-f16c-rdrand-rdseed-fma
--364874-- Page sizes: currently 4096, max supported 4096
--364874-- Valgrind library directory: /usr/lib/valgrind
--364874-- Reading syms from /home/andrea/Scrivania/units/Advanced Programming/Assignments/Homework_2/build/ODE_Module/bin/ODE_Module_main
--364874-- Reading syms from /usr/lib/ld-linux-x86-64.so.2
==364874== Downloading debug info for /usr/lib/ld-linux-x86-64.so.2...
--364874--   Considering /home/andrea/.cache/debuginfod_client/1eb3b3e47bd3d9034ef4bd4ede577a26bcc6dcc6/debuginfo ..
--364874--   .. CRC is valid
==364874== Successfully downloaded debug file for /usr/lib/ld-linux-x86-64.so.2
--364874-- Reading syms from /usr/lib/valgrind/memcheck-amd64-linux
--364874--    object doesn't have a dynamic symbol table
--364874-- Scheduler: using generic scheduler lock implementation.
--364874-- Reading suppressions file: /usr/lib/valgrind/default.supp
==364874== embedded gdbserver: reading from /tmp/vgdb-pipe-from-vgdb-to-364874-by-andrea-on-???
==364874== embedded gdbserver: writing to   /tmp/vgdb-pipe-to-vgdb-from-364874-by-andrea-on-???
==364874== embedded gdbserver: shared mem   /tmp/vgdb-pipe-shared-mem-vgdb-364874-by-andrea-on-???
==364874== 
==364874== TO CONTROL THIS PROCESS USING vgdb (which you probably
==364874== don't want to do, unless you know exactly what you're doing,
==364874== or are doing some strange experiment):
==364874==   /usr/lib/valgrind/../../bin/vgdb --pid=364874 ...command...
==364874== 
==364874== TO DEBUG THIS PROCESS USING GDB: start GDB like this
==364874==   /path/to/gdb ./../../build/ODE_Module/bin/ODE_Module_main
==364874== and then give GDB the following command
==364874==   target remote | /usr/lib/valgrind/../../bin/vgdb --pid=364874
==364874== --pid is optional if only one valgrind process is running
==364874== 
==364874== Downloading debug info for /usr/lib/valgrind/memcheck-amd64-linux...
--364874--   Considering /home/andrea/.cache/debuginfod_client/8d90e2041c4196faa241b19e284abb7125855c0a/debuginfo ..
--364874--   .. CRC is valid
==364874== Successfully downloaded debug file for /usr/lib/valgrind/memcheck-amd64-linux
--364874-- Warning: cross-CU LIMITATION: some inlined fn names
--364874-- might be shown as UnknownInlinedFun
--364874-- REDIR: 0x40270e0 (ld-linux-x86-64.so.2:strlen) redirected to 0x5821f114 (vgPlain_amd64_linux_REDIR_FOR_strlen)
--364874-- REDIR: 0x4025aa0 (ld-linux-x86-64.so.2:strcmp) redirected to 0x5821f12e (vgPlain_amd64_linux_REDIR_FOR_strcmp)
--364874-- REDIR: 0x4025870 (ld-linux-x86-64.so.2:index) redirected to 0x5821f149 (vgPlain_amd64_linux_REDIR_FOR_index)
--364874-- Reading syms from /usr/lib/valgrind/vgpreload_core-amd64-linux.so
--364874-- Reading syms from /usr/lib/valgrind/vgpreload_memcheck-amd64-linux.so
==364874== WARNING: new redirection conflicts with existing -- ignoring it
--364874--     old: 0x04025aa0 (strcmp              ) R-> (0000.0) 0x5821f12e vgPlain_amd64_linux_REDIR_FOR_strcmp
==364874== Downloading debug info for /usr/lib/valgrind/vgpreload_memcheck-amd64-linux.so...
--364874--   Considering /home/andrea/.cache/debuginfod_client/92c195939680c8adca97472fefd04679e336de68/debuginfo ..
--364874--   .. CRC is valid
==364874== Successfully downloaded debug file for /usr/lib/valgrind/vgpreload_memcheck-amd64-linux.so
--364874--     new: 0x04025aa0 (strcmp              ) R-> (2016.0) 0x0484f150 strcmp
==364874== WARNING: new redirection conflicts with existing -- ignoring it
--364874--     old: 0x040270e0 (strlen              ) R-> (0000.0) 0x5821f114 vgPlain_amd64_linux_REDIR_FOR_strlen
--364874--     new: 0x040270e0 (strlen              ) R-> (2007.0) 0x0484ddc0 strlen
--364874-- REDIR: 0x4024ed0 (ld-linux-x86-64.so.2:mempcpy) redirected to 0x48538a0 (mempcpy)
--364874-- Reading syms from /home/andrea/Scrivania/units/Advanced Programming/Assignments/Homework_2/build/ODE_Module/lib/libODE_Module.so
--364874-- Reading syms from /usr/lib/libmuparser.so.2.3.4
--364874-- Reading syms from /usr/lib/libstdc++.so.6.0.33
--364874-- Reading syms from /usr/lib/libm.so.6
--364874-- Reading syms from /usr/lib/libgcc_s.so.1
--364874-- Reading syms from /usr/lib/libc.so.6
==364874== Downloading debug info for /usr/lib/libc.so.6...
--364874--   Considering /home/andrea/.cache/debuginfod_client/98b3d8e0b8c534c769cb871c438b4f8f3a8e4bf3/debuginfo ..
--364874--   .. CRC is valid
==364874== Successfully downloaded debug file for /usr/lib/libc.so.6
--364874-- Reading syms from /usr/lib/libgomp.so.1.0.0
--364874-- REDIR: 0x4027280 (ld-linux-x86-64.so.2:strncmp) redirected to 0x484e8c0 (strncmp)
==364874== Downloading debug info for /usr/lib/valgrind/vgpreload_core-amd64-linux.so...
--364874--   Considering /home/andrea/.cache/debuginfod_client/c17d5783942c5ec1b05df8b9536e88056cfcda19/debuginfo ..
--364874--   .. CRC is valid
==364874== Successfully downloaded debug file for /usr/lib/valgrind/vgpreload_core-amd64-linux.so
--364874-- REDIR: 0x4e77710 (libc.so.6:strncasecmp) redirected to 0x48391a0 (_vgnU_ifunc_wrapper)
--364874-- REDIR: 0x4e74860 (libc.so.6:mempcpy) redirected to 0x48391a0 (_vgnU_ifunc_wrapper)
--364874-- REDIR: 0x4e8b010 (libc.so.6:wcpncpy) redirected to 0x48391a0 (_vgnU_ifunc_wrapper)
--364874-- REDIR: 0x4e74bc0 (libc.so.6:stpcpy) redirected to 0x48391a0 (_vgnU_ifunc_wrapper)
--364874-- REDIR: 0x4ef1060 (libc.so.6:__memmove_chk) redirected to 0x48391a0 (_vgnU_ifunc_wrapper)
--364874-- REDIR: 0x4e99880 (libc.so.6:wmemcmp) redirected to 0x48391a0 (_vgnU_ifunc_wrapper)
--364874-- REDIR: 0x4e75890 (libc.so.6:strcat) redirected to 0x48391a0 (_vgnU_ifunc_wrapper)
--364874-- REDIR: 0x4e73eb0 (libc.so.6:memcpy@@GLIBC_2.14) redirected to 0x48391a0 (_vgnU_ifunc_wrapper)
--364874-- REDIR: 0x4e8cec0 (libc.so.6:wcsncpy) redirected to 0x48391a0 (_vgnU_ifunc_wrapper)
--364874-- REDIR: 0x4ef0f40 (libc.so.6:__memcpy_chk) redirected to 0x48391a0 (_vgnU_ifunc_wrapper)
==364874== WARNING: new redirection conflicts with existing -- ignoring it
--364874--     old: 0x04f375d0 (__memcpy_chk_avx_una) R-> (2024.0) 0x048532b0 __memmove_chk
--364874--     new: 0x04f375d0 (__memcpy_chk_avx_una) R-> (2030.0) 0x048539b0 __memcpy_chk
--364874-- REDIR: 0x4e8c610 (libc.so.6:wcslen) redirected to 0x48391a0 (_vgnU_ifunc_wrapper)
--364874-- REDIR: 0x4e74a10 (libc.so.6:memset) redirected to 0x48391a0 (_vgnU_ifunc_wrapper)
--364874-- REDIR: 0x4e8cf20 (libc.so.6:wcsnlen) redirected to 0x48391a0 (_vgnU_ifunc_wrapper)
--364874-- REDIR: 0x4e77a10 (libc.so.6:strnlen) redirected to 0x48391a0 (_vgnU_ifunc_wrapper)
--364874-- REDIR: 0x4e77aa0 (libc.so.6:strpbrk) redirected to 0x48391a0 (_vgnU_ifunc_wrapper)
--364874-- REDIR: 0x4e75a10 (libc.so.6:strcmp) redirected to 0x48391a0 (_vgnU_ifunc_wrapper)
--364874-- REDIR: 0x4e74980 (libc.so.6:memrchr) redirected to 0x48391a0 (_vgnU_ifunc_wrapper)
--364874-- REDIR: 0x4e8b400 (libc.so.6:wcschr) redirected to 0x48391a0 (_vgnU_ifunc_wrapper)
--364874-- REDIR: 0x4e75900 (libc.so.6:index) redirected to 0x48391a0 (_vgnU_ifunc_wrapper)
--364874-- REDIR: 0x4e77ad0 (libc.so.6:rindex) redirected to 0x48391a0 (_vgnU_ifunc_wrapper)
--364874-- REDIR: 0x4e8b4b0 (libc.so.6:wcscmp) redirected to 0x48391a0 (_vgnU_ifunc_wrapper)
--364874-- REDIR: 0x4e74c30 (libc.so.6:stpncpy) redirected to 0x48391a0 (_vgnU_ifunc_wrapper)
--364874-- REDIR: 0x4e99800 (libc.so.6:wmemchr) redirected to 0x48391a0 (_vgnU_ifunc_wrapper)
--364874-- REDIR: 0x4e778b0 (libc.so.6:strncmp) redirected to 0x48391a0 (_vgnU_ifunc_wrapper)
--364874-- REDIR: 0x4e74c90 (libc.so.6:strcasecmp) redirected to 0x48391a0 (_vgnU_ifunc_wrapper)
--364874-- REDIR: 0x4e76c90 (libc.so.6:strcspn) redirected to 0x48391a0 (_vgnU_ifunc_wrapper)
--364874-- REDIR: 0x4e8c3e0 (libc.so.6:wcscpy) redirected to 0x48391a0 (_vgnU_ifunc_wrapper)
--364874-- REDIR: 0x4e777b0 (libc.so.6:strncasecmp_l) redirected to 0x48391a0 (_vgnU_ifunc_wrapper)
--364874-- REDIR: 0x4e75980 (libc.so.6:strchrnul) redirected to 0x48391a0 (_vgnU_ifunc_wrapper)
--364874-- REDIR: 0x4e73dc0 (libc.so.6:bcmp) redirected to 0x48391a0 (_vgnU_ifunc_wrapper)
--364874-- REDIR: 0x4e76c20 (libc.so.6:strcpy) redirected to 0x48391a0 (_vgnU_ifunc_wrapper)
--364874-- REDIR: 0x4e74d30 (libc.so.6:strcasecmp_l) redirected to 0x48391a0 (_vgnU_ifunc_wrapper)
--364874-- REDIR: 0x4e77680 (libc.so.6:strlen) redirected to 0x48391a0 (_vgnU_ifunc_wrapper)
--364874-- REDIR: 0x4e77950 (libc.so.6:strncpy) redirected to 0x48391a0 (_vgnU_ifunc_wrapper)
--364874-- REDIR: 0x4e74740 (libc.so.6:memmove) redirected to 0x48391a0 (_vgnU_ifunc_wrapper)
==364874== Preferring higher priority redirection:
--364874--     old: 0x04f37600 (__memcpy_avx_unalign) R-> (2018.0) 0x04850820 __memcpy_avx_unaligned_erms
--364874--     new: 0x04f37600 (__memcpy_avx_unalign) R-> (2018.1) 0x048525b0 memmove
--364874-- REDIR: 0x4e73d40 (libc.so.6:memchr) redirected to 0x48391a0 (_vgnU_ifunc_wrapper)
--364874-- REDIR: 0x4e77ca0 (libc.so.6:strspn) redirected to 0x48391a0 (_vgnU_ifunc_wrapper)
==364874== WARNING: new redirection conflicts with existing -- ignoring it
--364874--     old: 0x04f375d0 (__memcpy_chk_avx_una) R-> (2024.0) 0x048532b0 __memmove_chk
--364874--     new: 0x04f375d0 (__memcpy_chk_avx_una) R-> (2030.0) 0x048539b0 __memcpy_chk
==364874== WARNING: new redirection conflicts with existing -- ignoring it
--364874--     old: 0x04f375d0 (__memcpy_chk_avx_una) R-> (2024.0) 0x048532b0 __memmove_chk
--364874--     new: 0x04f375d0 (__memcpy_chk_avx_una) R-> (2030.0) 0x048539b0 __memcpy_chk
--364874-- REDIR: 0x4e785f0 (libc.so.6:strstr) redirected to 0x48391a0 (_vgnU_ifunc_wrapper)
--364874-- REDIR: 0x4f3c230 (libc.so.6:__strrchr_avx2) redirected to 0x484d5a0 (rindex)
--364874-- REDIR: 0x4f36c00 (libc.so.6:__memchr_avx2) redirected to 0x484f210 (memchr)
--364874-- REDIR: 0x4f37600 (libc.so.6:__memcpy_avx_unaligned_erms) redirected to 0x48525b0 (memmove)
--364874-- REDIR: 0x4e6fe50 (libc.so.6:malloc) redirected to 0x4844730 (malloc)
--364874-- REDIR: 0x4f38000 (libc.so.6:__memset_avx2_unaligned_erms) redirected to 0x4852470 (memset)
--364874-- REDIR: 0x4e70ed0 (libc.so.6:calloc) redirected to 0x484bb60 (calloc)
--364874-- REDIR: 0x4f3b460 (libc.so.6:__strncmp_avx2) redirected to 0x484e6e0 (strncmp)
--364874-- REDIR: 0x4f3a380 (libc.so.6:__strlen_avx2) redirected to 0x484dca0 (strlen)
--364874-- REDIR: 0x4f36ea0 (libc.so.6:__memcmp_avx2_movbe) redirected to 0x4851ba0 (bcmp)
--364874-- REDIR: 0x4ad4720 (libstdc++.so.6:operator new(unsigned long)) redirected to 0x4844f20 (operator new(unsigned long))
==364874== Downloading debug info for /usr/lib/libmuparser.so.2.3.4...
--364874--   Considering /home/andrea/.cache/debuginfod_client/8c43cf14da0a9ed6024f4886acd77abb43f1ebdf/debuginfo ..
--364874--   .. CRC is valid
==364874== Successfully downloaded debug file for /usr/lib/libmuparser.so.2.3.4
--364874-- REDIR: 0x4ad4790 (libstdc++.so.6:operator new[](unsigned long)) redirected to 0x48465a0 (operator new[](unsigned long))
--364874-- REDIR: 0x4f39bd0 (libc.so.6:__strcmp_avx2) redirected to 0x484efe0 (strcmp)
--364874-- REDIR: 0x4ad2730 (libstdc++.so.6:operator delete[](void*)) redirected to 0x484a180 (operator delete[](void*))
==364874== Downloading debug info for /home/andrea/Scrivania/units/Advanced Programming/Assignments/Homework_2/build/ODE_Module/bin/ODE_Module_main...
==364874== Server query failed: No such file or directory
==364874== Downloading debug info for /home/andrea/Scrivania/units/Advanced Programming/Assignments/Homework_2/build/ODE_Module/lib/libODE_Module.so...
==364874== Server query failed: No such file or directory
--364874-- REDIR: 0x4f375c0 (libc.so.6:__mempcpy_avx_unaligned_erms) redirected to 0x4853460 (mempcpy)
--364874-- REDIR: 0x4ad2700 (libstdc++.so.6:operator delete(void*)) redirected to 0x4848340 (operator delete(void*))
--364874-- REDIR: 0x4f399e0 (libc.so.6:__strchrnul_avx2) redirected to 0x4853330 (strchrnul)
--364874-- REDIR: 0x4e707c0 (libc.so.6:realloc) redirected to 0x484bdc0 (realloc)
--364874-- REDIR: 0x4ad2710 (libstdc++.so.6:operator delete(void*, unsigned long)) redirected to 0x48487f0 (operator delete(void*, unsigned long))
--364874-- REDIR: 0x4f397a0 (libc.so.6:__strchr_avx2) redirected to 0x484d7e0 (index)
--364874-- REDIR: 0x4e70550 (libc.so.6:free) redirected to 0x4847880 (free)
--364874-- REDIR: 0x4f375d0 (libc.so.6:__memcpy_chk_avx_unaligned_erms) redirected to 0x48532b0 (__memmove_chk)
==364874== 
==364874== HEAP SUMMARY:
==364874==     in use at exit: 104 bytes in 2 blocks
==364874==   total heap usage: 51,661 allocs, 51,659 frees, 25,313,996 bytes allocated
==364874== 
==364874== Searching for pointers to 2 not-freed blocks
==364874== Checked 166,176 bytes
==364874== 
==364874== 8 bytes in 1 blocks are still reachable in loss record 1 of 2
==364874==    at 0x48447A8: malloc (vg_replace_malloc.c:446)
==364874==    by 0x4FC8A35: gomp_malloc (alloc.c:38)
==364874==    by 0x4FDF88F: gomp_init_num_threads (proc.c:91)
==364874==    by 0x4FC71BB: initialize_env (env.c:2218)
==364874==    by 0x40045B6: call_init (dl-init.c:74)
==364874==    by 0x40045B6: call_init (dl-init.c:26)
==364874==    by 0x40046AC: _dl_init (dl-init.c:121)
==364874==    by 0x401CE1F: ??? (in /usr/lib/ld-linux-x86-64.so.2)
==364874== 
==364874== 96 bytes in 1 blocks are still reachable in loss record 2 of 2
==364874==    at 0x484BC13: calloc (vg_replace_malloc.c:1675)
==364874==    by 0x4FC8A6D: gomp_malloc_cleared (alloc.c:47)
==364874==    by 0x4FC7100: add_initial_icv_to_list (env.c:2159)
==364874==    by 0x4FC71D7: initialize_env (env.c:2224)
==364874==    by 0x40045B6: call_init (dl-init.c:74)
==364874==    by 0x40045B6: call_init (dl-init.c:26)
==364874==    by 0x40046AC: _dl_init (dl-init.c:121)
==364874==    by 0x401CE1F: ??? (in /usr/lib/ld-linux-x86-64.so.2)
==364874== 
==364874== LEAK SUMMARY:
==364874==    definitely lost: 0 bytes in 0 blocks
==364874==    indirectly lost: 0 bytes in 0 blocks
==364874==      possibly lost: 0 bytes in 0 blocks
==364874==    still reachable: 104 bytes in 2 blocks
==364874==         suppressed: 0 bytes in 0 blocks
==364874== 
==364874== ERROR SUMMARY: 0 errors from 0 contexts (suppressed: 0 from 0)
